2020-04-08T10:33:21.851Z - normal: Load ~/.CocosCreator/settings.json
2020-04-08T10:33:21.897Z - normal: Initializing Asset Database
2020-04-08T10:33:21.899Z - normal: checking language setting...
2020-04-08T10:33:21.899Z - normal: Language: en
2020-04-08T10:33:22.821Z - success: preview server running at http://localhost:7456
2020-04-08T10:33:22.827Z - success: protocol editor-framework registered
2020-04-08T10:33:22.827Z - success: protocol app registered
2020-04-08T10:33:22.827Z - success: protocol theme registered
2020-04-08T10:33:22.827Z - success: protocol packages registered
2020-04-08T10:33:22.827Z - success: protocol uuid registerred
2020-04-08T10:33:22.827Z - success: protocol db registerred
2020-04-08T10:33:22.827Z - success: protocol thumbnail registerred
2020-04-08T10:33:22.827Z - success: protocol unpack registerred
2020-04-08T10:33:22.827Z - success: protocol disable-commonjs registerred
2020-04-08T10:33:24.868Z - normal: connected!
2020-04-08T10:33:24.869Z - normal: Check project C:\Users\pc\projects\playable\playableFBCompile
2020-04-08T10:33:24.871Z - normal: Initializing project C:\Users\pc\projects\playable\playableFBCompile
2020-04-08T10:33:24.884Z - success: adapters loaded
2020-04-08T10:33:24.894Z - success: asset-db-debugger loaded
2020-04-08T10:33:24.983Z - success: fb-audience-network loaded
2020-04-08T10:33:25.019Z - success: fb-live-stream loaded
2020-04-08T10:33:25.036Z - success: google-play-instant loaded
2020-04-08T10:33:25.039Z - success: huawei-adapter loaded
2020-04-08T10:33:25.042Z - success: jkw-adapter loaded
2020-04-08T10:33:25.046Z - success: jsb-adapter loaded
2020-04-08T10:33:25.050Z - success: oppo-adapter loaded
2020-04-08T10:33:25.059Z - success: package-manager loaded
2020-04-08T10:33:25.062Z - success: qtt-adapter loaded
2020-04-08T10:33:25.074Z - success: runtime-dev-tools loaded
2020-04-08T10:33:25.088Z - success: sdkbox loaded
2020-04-08T10:33:25.097Z - success: ui-kit-preview-extra loaded
2020-04-08T10:33:25.105Z - success: ui-kit-preview loaded
2020-04-08T10:33:25.108Z - success: vivo-adapter loaded
2020-04-08T10:33:25.329Z - success: alipay-minigame loaded
2020-04-08T10:33:25.371Z - success: assets loaded
2020-04-08T10:33:25.373Z - success: baidugame-opendata loaded
2020-04-08T10:33:25.374Z - success: baidugame loaded
2020-04-08T10:33:25.375Z - success: builder loaded
2020-04-08T10:33:25.476Z - success: cocos-services loaded
2020-04-08T10:33:25.479Z - success: console loaded
2020-04-08T10:33:25.481Z - success: curve-editor loaded
2020-04-08T10:33:25.490Z - success: fb-instant-games loaded
2020-04-08T10:33:25.492Z - success: game-window loaded
2020-04-08T10:33:25.493Z - success: google-instant-games loaded
2020-04-08T10:33:25.495Z - success: hierarchy loaded
2020-04-08T10:33:25.498Z - success: huawei-runtime loaded
2020-04-08T10:33:25.500Z - success: inspector loaded
2020-04-08T10:33:25.545Z - success: cpk-publish loaded
2020-04-08T10:33:25.546Z - success: keystore loaded
2020-04-08T10:33:25.549Z - success: node-library loaded
2020-04-08T10:33:25.549Z - success: open-recent-items loaded
2020-04-08T10:33:25.552Z - success: oppo-runtime loaded
2020-04-08T10:33:25.556Z - success: package-asset loaded
2020-04-08T10:33:25.557Z - success: preferences loaded
2020-04-08T10:33:25.558Z - success: project-importer loaded
2020-04-08T10:33:25.559Z - success: project-settings loaded
2020-04-08T10:33:25.570Z - success: qtt-runtime loaded
2020-04-08T10:33:25.572Z - success: scene loaded
2020-04-08T10:33:25.573Z - success: simulator-debugger loaded
2020-04-08T10:33:25.573Z - success: sprite-editor loaded
2020-04-08T10:33:25.575Z - success: store loaded
2020-04-08T10:33:25.577Z - success: timeline loaded
2020-04-08T10:33:25.580Z - success: vivo-runtime loaded
2020-04-08T10:33:25.582Z - success: wechatgame-opendata loaded
2020-04-08T10:33:25.584Z - success: wechatgame loaded
2020-04-08T10:33:25.587Z - success: xiaomi-runtime loaded
2020-04-08T10:33:29.834Z - info: Cocos Service load base data!
2020-04-08T10:33:32.671Z - normal: Initializing Cocos2d
2020-04-08T10:33:32.931Z - normal: Initializing engine extends
2020-04-08T10:33:33.927Z - normal: Loading packages
2020-04-08T10:33:33.930Z - normal: Watching packages
2020-04-08T10:33:34.287Z - normal: Run Application
2020-04-08T10:33:53.687Z - success: Create package successfully at C:\Users\pc\projects\playable\playableFBCompile\packages\build_playable_ads_fb
2020-04-08T10:33:53.766Z - success: build_playable_ads_fb loaded
2020-04-08T10:34:15.556Z - normal: Hello World!
2020-04-08T10:35:00.563Z - normal: Start building with options : {
  "actualPlatform": "web-mobile",
  "android": {
    "packageName": "org.cocos2d.helloworld"
  },
  "android-instant": {
    "REMOTE_SERVER_ROOT": "",
    "host": "",
    "packageName": "org.cocos2d.helloworld",
    "pathPattern": "",
    "recordPath": "",
    "scheme": "https",
    "skipRecord": false
  },
  "androidStudio": true,
  "apiLevel": "",
  "appABIs": [],
  "appBundle": false,
  "appKey": "",
  "appSecret": "",
  "buildPath": "C:\\Users\\pc\\projects\\playable\\playableFBCompile\\build",
  "buildScriptsOnly": false,
  "debug": true,
  "dest": "C:\\Users\\pc\\projects\\playable\\playableFBCompile\\build\\web-mobile",
  "embedWebDebugger": true,
  "encryptJs": true,
  "excludeScenes": [
    "5c84518d-a45a-4b29-af3a-e63393aa7809"
  ],
  "excludedModules": [
    "Audio",
    "AudioSource",
    "Action",
    "Animation",
    "Collider",
    "Dynamic Atlas",
    "DragonBones",
    "EditBox",
    "Geom Utils",
    "Intersection",
    "Label Effect",
    "Mask",
    "Mesh",
    "MotionStreak",
    "NodePool",
    "Native Socket",
    "Physics",
    "PageView",
    "PageViewIndicator",
    "ProgressBar",
    "ParticleSystem",
    "RichText",
    "Slider",
    "ScrollBar",
    "ScrollView",
    "Spine Skeleton",
    "StudioComponent",
    "Toggle",
    "TiledMap",
    "VideoPlayer",
    "WebView",
    "3D",
    "3D Primitive",
    "WechatSubContext",
    "SwanSubContext",
    "TypeScript Polyfill",
    "3D Physics/cannon.js",
    "3D Physics/Builtin",
    "3D Particle"
  ],
  "fb-instant-games": {},
  "includeAnySDK": false,
  "includeEruda": false,
  "includeSDKBox": false,
  "inlineSpriteFrames": false,
  "inlineSpriteFrames_native": true,
  "ios": {
    "packageName": "org.cocos2d.helloworld"
  },
  "jailbreakPlatform": false,
  "mac": {
    "packageName": "org.cocos2d.helloworld"
  },
  "md5Cache": false,
  "mergeStartScene": false,
  "oauthLoginServer": "",
  "optimizeHotUpdate": false,
  "orientation": {
    "landscapeLeft": true,
    "landscapeRight": true,
    "portrait": false,
    "upsideDown": false
  },
  "packageName": "org.cocos2d.helloworld",
  "platform": "web-mobile",
  "previewHeight": "720",
  "previewWidth": "1280",
  "privateKey": "",
  "qqplay": {
    "REMOTE_SERVER_ROOT": "",
    "orientation": "portrait"
  },
  "renderMode": "0",
  "scenes": [
    "2d2f792f-a40c-49bb-a189-ed176a246e49"
  ],
  "sourceMaps": false,
  "startScene": "2d2f792f-a40c-49bb-a189-ed176a246e49",
  "template": "link",
  "title": "example_playable",
  "useDebugKeystore": true,
  "vsVersion": "auto",
  "webOrientation": "portrait",
  "wechatgame": {
    "REMOTE_SERVER_ROOT": "",
    "appid": "wx6ac3f5090a6b99c5",
    "isSubdomain": false,
    "orientation": "portrait",
    "subContext": ""
  },
  "win32": {},
  "xxteaKey": "7930af15-372f-4a",
  "zipCompressJs": true,
  "project": "C:\\Users\\pc\\projects\\playable\\playableFBCompile",
  "projectName": "example_playable",
  "debugBuildWorker": false
}
2020-04-08T10:35:00.564Z - normal: Building C:\Users\pc\projects\playable\playableFBCompile
2020-04-08T10:35:00.564Z - normal: Destination C:\Users\pc\projects\playable\playableFBCompile\build\web-mobile
2020-04-08T10:35:00.678Z - normal: Delete C:\Users\pc\projects\playable\playableFBCompile\build\web-mobile\subpackages/**/*,C:\Users\pc\projects\playable\playableFBCompile\build\web-mobile\**\*
2020-04-08T10:35:02.086Z - normal: Start building assets
2020-04-08T10:35:02.087Z - normal: Start spawn build-worker
2020-04-08T10:35:02.594Z - normal: Finish spawn build-worker
2020-04-08T10:35:02.594Z - normal: Start init build-worker
2020-04-08T10:35:04.074Z - normal: Finish init build-worker
2020-04-08T10:35:04.074Z - normal: Start build-assets in worker
2020-04-08T10:35:04.245Z - normal: Finish build-assets in worker
2020-04-08T10:35:04.250Z - normal: Finish building assets
2020-04-08T10:35:04.251Z - normal: Start building plugin scripts
2020-04-08T10:35:04.267Z - normal: Generating main.js from C:\CocosCreator_2.3.1\resources\static\build-templates\shares\main.js
2020-04-08T10:35:04.273Z - normal: Generating html from C:\CocosCreator_2.3.1\resources\static\build-templates\web-mobile\template-dev\index.html
2020-04-08T10:35:04.308Z - normal: Built to "C:\Users\pc\projects\playable\playableFBCompile\build\web-mobile" successfully
2020-04-08T10:45:47.960Z - normal: Start building with options : {
  "actualPlatform": "web-mobile",
  "android": {
    "packageName": "org.cocos2d.helloworld"
  },
  "android-instant": {
    "REMOTE_SERVER_ROOT": "",
    "host": "",
    "packageName": "org.cocos2d.helloworld",
    "pathPattern": "",
    "recordPath": "",
    "scheme": "https",
    "skipRecord": false
  },
  "androidStudio": true,
  "apiLevel": "",
  "appABIs": [],
  "appBundle": false,
  "appKey": "",
  "appSecret": "",
  "buildPath": "C:\\Users\\pc\\projects\\playable\\playableFBCompile\\build",
  "buildScriptsOnly": false,
  "debug": true,
  "dest": "C:\\Users\\pc\\projects\\playable\\playableFBCompile\\build\\web-mobile",
  "embedWebDebugger": true,
  "encryptJs": true,
  "excludeScenes": [
    "5c84518d-a45a-4b29-af3a-e63393aa7809"
  ],
  "excludedModules": [
    "Audio",
    "AudioSource",
    "Action",
    "Animation",
    "Collider",
    "Dynamic Atlas",
    "DragonBones",
    "EditBox",
    "Geom Utils",
    "Intersection",
    "Label Effect",
    "Mask",
    "Mesh",
    "MotionStreak",
    "NodePool",
    "Native Socket",
    "Physics",
    "PageView",
    "PageViewIndicator",
    "ProgressBar",
    "ParticleSystem",
    "RichText",
    "Slider",
    "ScrollBar",
    "ScrollView",
    "Spine Skeleton",
    "StudioComponent",
    "Toggle",
    "TiledMap",
    "VideoPlayer",
    "WebView",
    "3D",
    "3D Primitive",
    "WechatSubContext",
    "SwanSubContext",
    "TypeScript Polyfill",
    "3D Physics/cannon.js",
    "3D Physics/Builtin",
    "3D Particle"
  ],
  "fb-instant-games": {},
  "includeAnySDK": false,
  "includeEruda": false,
  "includeSDKBox": false,
  "inlineSpriteFrames": false,
  "inlineSpriteFrames_native": true,
  "ios": {
    "packageName": "org.cocos2d.helloworld"
  },
  "jailbreakPlatform": false,
  "mac": {
    "packageName": "org.cocos2d.helloworld"
  },
  "md5Cache": false,
  "mergeStartScene": false,
  "oauthLoginServer": "",
  "optimizeHotUpdate": false,
  "orientation": {
    "landscapeLeft": true,
    "landscapeRight": true,
    "portrait": false,
    "upsideDown": false
  },
  "packageName": "org.cocos2d.helloworld",
  "platform": "web-mobile",
  "previewHeight": "720",
  "previewWidth": "1280",
  "privateKey": "",
  "qqplay": {
    "REMOTE_SERVER_ROOT": "",
    "orientation": "portrait"
  },
  "renderMode": "0",
  "scenes": [
    "2d2f792f-a40c-49bb-a189-ed176a246e49"
  ],
  "sourceMaps": false,
  "startScene": "2d2f792f-a40c-49bb-a189-ed176a246e49",
  "template": "link",
  "title": "example_playable",
  "useDebugKeystore": true,
  "vsVersion": "auto",
  "webOrientation": "portrait",
  "wechatgame": {
    "REMOTE_SERVER_ROOT": "",
    "appid": "wx6ac3f5090a6b99c5",
    "isSubdomain": false,
    "orientation": "portrait",
    "subContext": ""
  },
  "win32": {},
  "xxteaKey": "7930af15-372f-4a",
  "zipCompressJs": true,
  "project": "C:\\Users\\pc\\projects\\playable\\playableFBCompile",
  "projectName": "example_playable",
  "debugBuildWorker": false
}
2020-04-08T10:45:47.961Z - normal: Building C:\Users\pc\projects\playable\playableFBCompile
2020-04-08T10:45:47.961Z - normal: Destination C:\Users\pc\projects\playable\playableFBCompile\build\web-mobile
2020-04-08T10:45:47.962Z - normal: Delete C:\Users\pc\projects\playable\playableFBCompile\build\web-mobile\subpackages/**/*,C:\Users\pc\projects\playable\playableFBCompile\build\web-mobile\**\*
2020-04-08T10:45:49.397Z - normal: Start building assets
2020-04-08T10:45:49.397Z - normal: Start spawn build-worker
2020-04-08T10:45:49.921Z - normal: Finish spawn build-worker
2020-04-08T10:45:49.921Z - normal: Start init build-worker
2020-04-08T10:45:51.376Z - normal: Finish init build-worker
2020-04-08T10:45:51.376Z - normal: Start build-assets in worker
2020-04-08T10:45:51.539Z - normal: Finish build-assets in worker
2020-04-08T10:45:51.544Z - normal: Finish building assets
2020-04-08T10:45:51.545Z - normal: Start building plugin scripts
2020-04-08T10:45:51.557Z - normal: Generating main.js from C:\CocosCreator_2.3.1\resources\static\build-templates\shares\main.js
2020-04-08T10:45:51.561Z - normal: Generating html from C:\CocosCreator_2.3.1\resources\static\build-templates\web-mobile\template-dev\index.html
2020-04-08T10:45:51.577Z - normal: Built to "C:\Users\pc\projects\playable\playableFBCompile\build\web-mobile" successfully
2020-04-08T10:51:45.875Z - normal: Button clicked!
2020-04-08T10:51:47.235Z - normal: Button clicked!
2020-04-08T10:51:47.611Z - normal: Button clicked!
2020-04-08T10:53:01.639Z - success: build_playable_ads_fb unloaded
2020-04-08T10:53:01.648Z - success: build_playable_ads_fb loaded
2020-04-08T10:53:38.320Z - success: build_playable_ads_fb unloaded
2020-04-08T10:53:38.328Z - success: build_playable_ads_fb loaded
2020-04-08T10:54:05.550Z - success: build_playable_ads_fb unloaded
2020-04-08T10:54:05.558Z - success: build_playable_ads_fb loaded
2020-04-08T10:54:16.596Z - success: build_playable_ads_fb unloaded
2020-04-08T10:54:16.600Z - success: build_playable_ads_fb loaded
2020-04-08T10:54:43.922Z - success: build_playable_ads_fb unloaded
2020-04-08T10:54:43.930Z - success: build_playable_ads_fb loaded
2020-04-08T10:54:47.387Z - success: build_playable_ads_fb unloaded
2020-04-08T10:54:47.395Z - success: build_playable_ads_fb loaded
2020-04-08T10:54:49.817Z - success: build_playable_ads_fb unloaded
2020-04-08T10:54:49.825Z - success: build_playable_ads_fb loaded
2020-04-08T10:55:14.431Z - success: build_playable_ads_fb unloaded
2020-04-08T10:55:14.438Z - success: build_playable_ads_fb loaded
2020-04-08T11:22:08.985Z - success: build_playable_ads_fb unloaded
2020-04-08T11:22:08.996Z - success: build_playable_ads_fb loaded
2020-04-08T11:23:24.376Z - normal: Button clicked!
2020-04-08T11:23:48.713Z - normal: Hello World!
2020-04-08T11:24:06.903Z - normal: Hello World!
2020-04-08T11:24:58.605Z - success: build_playable_ads_fb unloaded
2020-04-08T11:24:58.613Z - success: build_playable_ads_fb loaded
2020-04-08T11:24:59.777Z - success: build_playable_ads_fb unloaded
2020-04-08T11:24:59.784Z - success: build_playable_ads_fb loaded
2020-04-08T11:25:01.916Z - success: build_playable_ads_fb unloaded
2020-04-08T11:25:01.921Z - success: build_playable_ads_fb loaded
2020-04-08T11:25:12.437Z - success: build_playable_ads_fb unloaded
2020-04-08T11:25:12.445Z - success: build_playable_ads_fb loaded
2020-04-08T11:25:14.172Z - success: build_playable_ads_fb unloaded
2020-04-08T11:25:14.177Z - success: build_playable_ads_fb loaded
2020-04-08T11:25:17.393Z - success: build_playable_ads_fb unloaded
2020-04-08T11:25:17.398Z - success: build_playable_ads_fb loaded
2020-04-08T11:25:19.355Z - success: build_playable_ads_fb unloaded
2020-04-08T11:25:19.360Z - success: build_playable_ads_fb loaded
2020-04-08T11:25:19.556Z - success: build_playable_ads_fb unloaded
2020-04-08T11:25:19.561Z - success: build_playable_ads_fb loaded
2020-04-08T11:25:23.788Z - success: build_playable_ads_fb unloaded
2020-04-08T11:25:23.796Z - success: build_playable_ads_fb loaded
2020-04-08T11:25:27.821Z - success: build_playable_ads_fb unloaded
2020-04-08T11:25:27.829Z - success: build_playable_ads_fb loaded
2020-04-08T11:25:31.199Z - success: build_playable_ads_fb unloaded
2020-04-08T11:25:31.205Z - success: build_playable_ads_fb loaded
2020-04-08T11:25:36.030Z - success: build_playable_ads_fb unloaded
2020-04-08T11:25:36.042Z - success: build_playable_ads_fb loaded
2020-04-08T11:25:42.759Z - success: build_playable_ads_fb unloaded
2020-04-08T11:25:42.768Z - success: build_playable_ads_fb loaded
2020-04-08T11:25:44.417Z - success: build_playable_ads_fb unloaded
2020-04-08T11:25:44.422Z - success: build_playable_ads_fb loaded
2020-04-08T11:26:36.514Z - success: build_playable_ads_fb unloaded
2020-04-08T11:26:36.519Z - success: build_playable_ads_fb loaded
2020-04-08T11:26:48.272Z - success: build_playable_ads_fb unloaded
2020-04-08T11:26:48.283Z - success: build_playable_ads_fb loaded
2020-04-08T11:26:58.107Z - success: build_playable_ads_fb unloaded
2020-04-08T11:26:58.113Z - success: build_playable_ads_fb loaded
2020-04-08T11:27:04.833Z - success: build_playable_ads_fb unloaded
2020-04-08T11:27:04.843Z - success: build_playable_ads_fb loaded
2020-04-08T11:27:10.533Z - normal: Hello World!
2020-04-08T11:27:14.407Z - normal: Hello World!
2020-04-08T11:27:18.279Z - normal: Hello World!
2020-04-08T11:27:22.464Z - success: build_playable_ads_fb unloaded
2020-04-08T11:27:22.468Z - success: build_playable_ads_fb loaded
2020-04-08T11:27:24.888Z - success: build_playable_ads_fb unloaded
2020-04-08T11:27:24.892Z - success: build_playable_ads_fb loaded
2020-04-08T11:27:25.066Z - success: build_playable_ads_fb unloaded
2020-04-08T11:27:25.072Z - success: build_playable_ads_fb loaded
